c:\users\dell\desktop\hashtablevisiable\x64\debug\vc141.pdb
c:\users\dell\desktop\hashtablevisiable\x64\debug\qrc_hashtablevisiable.obj
c:\users\dell\desktop\hashtablevisiable\x64\debug\mainwidget.obj
c:\users\dell\desktop\hashtablevisiable\x64\debug\main.obj
c:\users\dell\desktop\hashtablevisiable\x64\debug\uic\ui_hashtablevisiable.h
c:\users\dell\desktop\hashtablevisiable\x64\debug\uic\ui_mainwidget.h
c:\users\dell\desktop\hashtablevisiable\x64\debug\rcc\qrc_hashtablevisiable.cpp
c:\users\dell\desktop\hashtablevisiable\x64\debug\hashtablevisiable.ilk
c:\users\dell\desktop\hashtablevisiable\x64\debug\hashtablevisiable.exe
c:\users\dell\desktop\hashtablevisiable\x64\debug\hashtablevisiable.pdb
c:\users\dell\desktop\hashtablevisiable\x64\debug\hashtabl.c79a4346.tlog\cl.command.1.tlog
c:\users\dell\desktop\hashtablevisiable\x64\debug\hashtabl.c79a4346.tlog\cl.read.1.tlog
c:\users\dell\desktop\hashtablevisiable\x64\debug\hashtabl.c79a4346.tlog\cl.write.1.tlog
c:\users\dell\desktop\hashtablevisiable\x64\debug\hashtabl.c79a4346.tlog\hashtablevisiable.write.1u.tlog
c:\users\dell\desktop\hashtablevisiable\x64\debug\hashtabl.c79a4346.tlog\link.command.1.tlog
c:\users\dell\desktop\hashtablevisiable\x64\debug\hashtabl.c79a4346.tlog\link.read.1.tlog
c:\users\dell\desktop\hashtablevisiable\x64\debug\hashtabl.c79a4346.tlog\link.write.1.tlog
c:\users\dell\desktop\hashtablevisiable\x64\debug\hashtabl.c79a4346.tlog\rcc.read.1u.tlog
c:\users\dell\desktop\hashtablevisiable\x64\debug\hashtabl.c79a4346.tlog\rcc.write.1u.tlog
c:\users\dell\desktop\hashtablevisiable\x64\debug\hashtabl.c79a4346.tlog\uic.read.1u.tlog
c:\users\dell\desktop\hashtablevisiable\x64\debug\hashtabl.c79a4346.tlog\uic.write.1u.tlog
